#
# A fatal error has been detected by the Java Runtime Environment:
#
#  EXCEPTION_ACCESS_VIOLATION (0xc0000005) at pc=0x0000000063788225, pid=6476, tid=10096
#
# JRE version: Java(TM) SE Runtime Environment (8.0_40-b25) (build 1.8.0_40-b25)
# Java VM: Java HotSpot(TM) 64-Bit Server VM (25.40-b25 mixed mode windows-amd64 compressed oops)
# Problematic frame:
# V  [jvm.dll+0x128225]
#
# Failed to write core dump. Minidumps are not enabled by default on client versions of Windows
#
# If you would like to submit a bug report, please visit:
#   http://bugreport.java.com/bugreport/crash.jsp
#

---------------  T H R E A D  ---------------

Current thread (0x000000001ed56800):  JavaThread "JDWP Transport Listener: dt_socket" daemon [_thread_in_vm, id=10096, stack(0x0000000020230000,0x0000000020330000)]

siginfo: ExceptionCode=0xc0000005, reading address 0xffffffffffffffff

Registers:
RAX=0x000000002032f501, RBX=0x000000001ed56800, RCX=0x0035246c706d496e, RDX=0x0000000000000000
RSP=0x000000002032f510, RBP=0x0035246c706d496e, RSI=0x000000002032f628, RDI=0x00000000036c36f0
R8 =0x000000001ed56800, R9 =0x0000000000008000, R10=0x0000000000000000, R11=0x0000000024d47612
R12=0x0000000000000000, R13=0x000000001ed5e198, R14=0x0000000000000000, R15=0x0000000000000000
RIP=0x0000000063788225, EFLAGS=0x0000000000010202

Top of Stack: (sp=0x000000002032f510)
0x000000002032f510:   000000001ed56800 000000001ed56800
0x000000002032f520:   000000002032f5d8 000000006398c6db
0x000000002032f530:   000000001ed56800 00000000639a8f3d
0x000000002032f540:   0000000000000000 0000000063589155
0x000000002032f550:   0000000020b396e0 000000006359291e
0x000000002032f560:   000000001ed56800 0000000000000000
0x000000002032f570:   0000000000000000 0000000000000000
0x000000002032f580:   0035246c706d496e 0000000063591a15
0x000000002032f590:   000000002032f628 000000002032f600
0x000000002032f5a0:   0000000000000001 0000000020b396e0
0x000000002032f5b0:   0035246c706d496e 00000000635753b3
0x000000002032f5c0:   000000002032f6f0 0000000000000001
0x000000002032f5d0:   0000000000000001 0000000020b396e0
0x000000002032f5e0:   00000000f000100a 0000000000000000
0x000000002032f5f0:   0000000000000000 0000000000000000
0x000000002032f600:   0000000000000001 0000000063575571 

Instructions: (pc=0x0000000063788225)
0x0000000063788205:   cc cc cc cc cc cc cc cc cc cc cc 48 83 ec 28 48
0x0000000063788215:   85 c9 75 07 33 c0 48 83 c4 28 c3 48 89 5c 24 20
0x0000000063788225:   48 8b 19 48 85 db 74 20 48 83 fb 37 74 1a 48 8b
0x0000000063788235:   13 48 8b cb ff 52 10 84 c0 74 0d 48 8b c3 48 8b 


Register to memory mapping:

RAX=0x000000002032f501 is pointing into the stack for thread: 0x000000001ed56800
RBX=0x000000001ed56800 is a thread
RCX=0x0035246c706d496e is an unknown value
RDX=0x0000000000000000 is an unknown value
RSP=0x000000002032f510 is pointing into the stack for thread: 0x000000001ed56800
RBP=0x0035246c706d496e is an unknown value
RSI=0x000000002032f628 is pointing into the stack for thread: 0x000000001ed56800
RDI=0x00000000036c36f0 is an unknown value
R8 =0x000000001ed56800 is a thread
R9 =0x0000000000008000 is an unknown value
R10=0x0000000000000000 is an unknown value
R11=0x0000000024d47612 is an unknown value
R12=0x0000000000000000 is an unknown value
R13=0x000000001ed5e198 is an unknown value
R14=0x0000000000000000 is an unknown value
R15=0x0000000000000000 is an unknown value


Stack: [0x0000000020230000,0x0000000020330000],  sp=0x000000002032f510,  free space=1021k
Native frames: (J=compiled Java code, j=interpreted, Vv=VM code, C=native code)
V  [jvm.dll+0x128225]
V  [jvm.dll+0x348f3d]
C  [jdwp.dll+0x21a15]
C  [jdwp.dll+0x53b3]
C  [jdwp.dll+0x5571]
C  [jdwp.dll+0xf0a8]
C  [jdwp.dll+0x1f2d5]
C  [jdwp.dll+0x1f4aa]
V  [jvm.dll+0x1bad48]
V  [jvm.dll+0x241914]
V  [jvm.dll+0x29848a]
C  [msvcr100.dll+0x21d9f]
C  [msvcr100.dll+0x21e3b]
C  [KERNEL32.DLL+0x17974]
C  [ntdll.dll+0x6a271]


---------------  P R O C E S S  ---------------

Java Threads: ( => current thread )
  0x0000000021eb8000 JavaThread "logback-5" daemon [_thread_blocked, id=13548, stack(0x00000000318b0000,0x00000000319b0000)]
  0x0000000021eb6800 JavaThread "logback-4" daemon [_thread_blocked, id=4676, stack(0x00000000317b0000,0x00000000318b0000)]
  0x0000000021ebc800 JavaThread "logback-3" daemon [_thread_blocked, id=6844, stack(0x00000000316b0000,0x00000000317b0000)]
  0x0000000021ec0800 JavaThread "DestroyJavaVM" [_thread_blocked, id=7456, stack(0x0000000003590000,0x0000000003690000)]
  0x0000000021ec1000 JavaThread "http-nio-8080-Acceptor" daemon [_thread_in_native, id=5600, stack(0x0000000030db0000,0x0000000030eb0000)]
  0x0000000021ebe800 JavaThread "http-nio-8080-ClientPoller" daemon [_thread_in_native, id=13732, stack(0x0000000030cb0000,0x0000000030db0000)]
  0x0000000021ebf800 JavaThread "http-nio-8080-exec-10" daemon [_thread_blocked, id=8752, stack(0x0000000030bb0000,0x0000000030cb0000)]
  0x0000000021ebd000 JavaThread "http-nio-8080-exec-9" daemon [_thread_blocked, id=5784, stack(0x0000000030ab0000,0x0000000030bb0000)]
  0x0000000021ebe000 JavaThread "http-nio-8080-exec-8" daemon [_thread_blocked, id=2268, stack(0x00000000309b0000,0x0000000030ab0000)]
  0x0000000021ec3800 JavaThread "http-nio-8080-exec-7" daemon [_thread_blocked, id=14252, stack(0x00000000308b0000,0x00000000309b0000)]
  0x0000000021eb7000 JavaThread "http-nio-8080-exec-6" daemon [_thread_blocked, id=12368, stack(0x00000000307b0000,0x00000000308b0000)]
  0x0000000021eb8800 JavaThread "http-nio-8080-exec-5" daemon [_thread_blocked, id=14248, stack(0x00000000306b0000,0x00000000307b0000)]
  0x0000000021ebb000 JavaThread "http-nio-8080-exec-4" daemon [_thread_blocked, id=852, stack(0x00000000305b0000,0x00000000306b0000)]
  0x0000000021eb9800 JavaThread "http-nio-8080-exec-3" daemon [_thread_blocked, id=7944, stack(0x00000000304b0000,0x00000000305b0000)]
  0x0000000021ebb800 JavaThread "http-nio-8080-exec-2" daemon [_thread_blocked, id=13720, stack(0x00000000303b0000,0x00000000304b0000)]
  0x0000000021eba000 JavaThread "http-nio-8080-exec-1" daemon [_thread_blocked, id=6308, stack(0x00000000302b0000,0x00000000303b0000)]
  0x0000000021eb5800 JavaThread "http-nio-8080-BlockPoller" daemon [_thread_in_native, id=12024, stack(0x00000000301b0000,0x00000000302b0000)]
  0x000000002435e000 JavaThread "Druid-ConnectionPool-Destroy-181451598" daemon [_thread_blocked, id=12592, stack(0x000000002f1b0000,0x000000002f2b0000)]
  0x000000002435d000 JavaThread "Druid-ConnectionPool-Create-181451598" daemon [_thread_blocked, id=984, stack(0x000000002f0b0000,0x000000002f1b0000)]
  0x00000000241be000 JavaThread "mysql-cj-abandoned-connection-cleanup" daemon [_thread_blocked, id=3884, stack(0x000000002e9b0000,0x000000002eab0000)]
  0x0000000024103800 JavaThread "container-0" [_thread_blocked, id=4196, stack(0x000000002e8b0000,0x000000002e9b0000)]
  0x0000000024103000 JavaThread "Catalina-utility-2" [_thread_blocked, id=6108, stack(0x000000002e7b0000,0x000000002e8b0000)]
  0x0000000024101800 JavaThread "Catalina-utility-1" [_thread_blocked, id=6264, stack(0x000000002e6b0000,0x000000002e7b0000)]
  0x0000000021a07800 JavaThread "RMI Scheduler(0)" daemon [_thread_blocked, id=13836, stack(0x00000000233b0000,0x00000000234b0000)]
  0x0000000021969800 JavaThread "logback-2" daemon [_thread_blocked, id=10480, stack(0x00000000231b0000,0x00000000232b0000)]
  0x0000000020b40800 JavaThread "RMI TCP Accept-0" daemon [_thread_in_native, id=10900, stack(0x0000000021230000,0x0000000021330000)]
  0x0000000020986000 JavaThread "Service Thread" daemon [_thread_blocked, id=12936, stack(0x0000000021130000,0x0000000021230000)]
  0x000000002095f800 JavaThread "C1 CompilerThread3" daemon [_thread_blocked, id=1148, stack(0x0000000021030000,0x0000000021130000)]
  0x000000002095f000 JavaThread "C2 CompilerThread2" daemon [_thread_blocked, id=3880, stack(0x0000000020f30000,0x0000000021030000)]
  0x000000002092e800 JavaThread "C2 CompilerThread1" daemon [_thread_blocked, id=13456, stack(0x0000000020e30000,0x0000000020f30000)]
  0x000000002092e000 JavaThread "C2 CompilerThread0" daemon [_thread_blocked, id=13416, stack(0x0000000020d30000,0x0000000020e30000)]
  0x000000001ed64000 JavaThread "JDWP Command Reader" daemon [_thread_in_native, id=6748, stack(0x0000000020430000,0x0000000020530000)]
  0x000000001ed61000 JavaThread "JDWP Event Helper Thread" daemon [_thread_blocked, id=10188, stack(0x0000000020330000,0x0000000020430000)]
=>0x000000001ed56800 JavaThread "JDWP Transport Listener: dt_socket" daemon [_thread_in_vm, id=10096, stack(0x0000000020230000,0x0000000020330000)]
  0x000000001ed42000 JavaThread "Attach Listener" daemon [_thread_blocked, id=1424, stack(0x0000000020130000,0x0000000020230000)]
  0x000000001ed41800 JavaThread "Signal Dispatcher" daemon [_thread_blocked, id=13760, stack(0x0000000020030000,0x0000000020130000)]
  0x000000001d601800 JavaThread "Finalizer" daemon [_thread_blocked, id=13164, stack(0x000000001ff30000,0x0000000020030000)]
  0x000000001d5fa800 JavaThread "Reference Handler" daemon [_thread_blocked, id=13652, stack(0x000000001fe30000,0x000000001ff30000)]

Other Threads:
  0x000000001ecb1800 VMThread [stack: 0x000000001fd30000,0x000000001fe30000] [id=13556]
  0x0000000020b51000 WatcherThread [stack: 0x0000000021330000,0x0000000021430000] [id=13724]

VM state:not at safepoint (normal execution)

VM Mutex/Monitor currently owned by a thread: None

Heap:
 PSYoungGen      total 387584K, used 35818K [0x000000076af80000, 0x0000000785f80000, 0x00000007c0000000)
  eden space 368640K, 9% used [0x000000076af80000,0x000000076d27a830,0x0000000781780000)
  from space 18944K, 0% used [0x0000000782e00000,0x0000000782e00000,0x0000000784080000)
  to   space 23040K, 0% used [0x0000000781780000,0x0000000781780000,0x0000000782e00000)
 ParOldGen       total 220160K, used 33251K [0x00000006c0e00000, 0x00000006ce500000, 0x000000076af80000)
  object space 220160K, 15% used [0x00000006c0e00000,0x00000006c2e78f98,0x00000006ce500000)
 Metaspace       used 58044K, capacity 60818K, committed 60928K, reserved 1101824K
  class space    used 7580K, capacity 8097K, committed 8192K, reserved 1048576K

Card table byte_map: [0x0000000012d20000,0x0000000013520000] byte_map_base: 0x000000000f719000

Marking Bits: (ParMarkBitMap*) 0x0000000063e64040
 Begin Bits: [0x0000000014480000, 0x0000000018448000)
 End Bits:   [0x0000000018448000, 0x000000001c410000)

Polling page: 0x0000000001360000

CodeCache: size=245760Kb used=13106Kb max_used=13250Kb free=232654Kb
 bounds [0x0000000003960000, 0x0000000004660000, 0x0000000012960000]
 total_blobs=7278 nmethods=6691 adapters=507
 compilation: enabled

Compilation events (10 events):
Event: 213.129 Thread 0x000000002095f800 6826       1       java.util.concurrent.ScheduledThreadPoolExecutor$DelayedWorkQueue::finishPoll (44 bytes)
Event: 213.129 Thread 0x000000002095f800 nmethod 6826 0x0000000003b22290 code [0x0000000003b22400, 0x0000000003b22668]
Event: 213.129 Thread 0x000000002095f800 6827       1       java.util.concurrent.ScheduledThreadPoolExecutor$ScheduledFutureTask::run (59 bytes)
Event: 213.129 Thread 0x000000002095f800 nmethod 6827 0x0000000003dea950 code [0x0000000003deab40, 0x0000000003deaf28]
Event: 213.129 Thread 0x000000002095f800 6828       1       java.util.concurrent.Executors$RunnableAdapter::call (14 bytes)
Event: 213.129 Thread 0x000000002095f800 nmethod 6828 0x0000000003b21f90 code [0x0000000003b220e0, 0x0000000003b22228]
Event: 215.624 Thread 0x000000002095f800 6829       1       sun.nio.ch.WindowsSelectorImpl$SubSelector::processSelectedKeys (64 bytes)
Event: 215.624 Thread 0x000000002095f800 nmethod 6829 0x0000000003b21b50 code [0x0000000003b21cc0, 0x0000000003b21ea8]
Event: 217.128 Thread 0x000000002095f800 6830       1       java.util.concurrent.ScheduledThreadPoolExecutor$DelayedWorkQueue::siftDown (121 bytes)
Event: 217.129 Thread 0x000000002095f800 nmethod 6830 0x0000000003de9d90 code [0x0000000003de9f40, 0x0000000003dea458]

GC Heap History (10 events):
Event: 2.693 GC heap before
{Heap before GC invocations=9 (full 2):
 PSYoungGen      total 221696K, used 10733K [0x000000076af80000, 0x0000000780d80000, 0x00000007c0000000)
  eden space 210944K, 0% used [0x000000076af80000,0x000000076af80000,0x0000000777d80000)
  from space 10752K, 99% used [0x0000000777d80000,0x00000007787fb4f8,0x0000000778800000)
  to   space 13824K, 0% used [0x0000000780000000,0x0000000780000000,0x0000000780d80000)
 ParOldGen       total 94720K, used 11212K [0x00000006c0e00000, 0x00000006c6a80000, 0x000000076af80000)
  object space 94720K, 11% used [0x00000006c0e00000,0x00000006c18f3370,0x00000006c6a80000)
 Metaspace       used 33761K, capacity 35422K, committed 35496K, reserved 1079296K
  class space    used 4499K, capacity 4837K, committed 4864K, reserved 1048576K
Event: 2.743 GC heap after
Heap after GC invocations=9 (full 2):
 PSYoungGen      total 221696K, used 0K [0x000000076af80000, 0x0000000780d80000, 0x00000007c0000000)
  eden space 210944K, 0% used [0x000000076af80000,0x000000076af80000,0x0000000777d80000)
  from space 10752K, 0% used [0x0000000777d80000,0x0000000777d80000,0x0000000778800000)
  to   space 13824K, 0% used [0x0000000780000000,0x0000000780000000,0x0000000780d80000)
 ParOldGen       total 155648K, used 19993K [0x00000006c0e00000, 0x00000006ca600000, 0x000000076af80000)
  object space 155648K, 12% used [0x00000006c0e00000,0x00000006c21867c8,0x00000006ca600000)
 Metaspace       used 33761K, capacity 35422K, committed 35496K, reserved 1079296K
  class space    used 4499K, capacity 4837K, committed 4864K, reserved 1048576K
}
Event: 5.614 GC heap before
{Heap before GC invocations=10 (full 2):
 PSYoungGen      total 221696K, used 210944K [0x000000076af80000, 0x0000000780d80000, 0x00000007c0000000)
  eden space 210944K, 100% used [0x000000076af80000,0x0000000777d80000,0x0000000777d80000)
  from space 10752K, 0% used [0x0000000777d80000,0x0000000777d80000,0x0000000778800000)
  to   space 13824K, 0% used [0x0000000780000000,0x0000000780000000,0x0000000780d80000)
 ParOldGen       total 155648K, used 19993K [0x00000006c0e00000, 0x00000006ca600000, 0x000000076af80000)
  object space 155648K, 12% used [0x00000006c0e00000,0x00000006c21867c8,0x00000006ca600000)
 Metaspace       used 43082K, capacity 44874K, committed 45056K, reserved 1087488K
  class space    used 5690K, capacity 6059K, committed 6144K, reserved 1048576K
Event: 5.625 GC heap after
Heap after GC invocations=10 (full 2):
 PSYoungGen      total 312832K, used 12438K [0x000000076af80000, 0x0000000780c80000, 0x00000007c0000000)
  eden space 300032K, 0% used [0x000000076af80000,0x000000076af80000,0x000000077d480000)
  from space 12800K, 97% used [0x0000000780000000,0x0000000780c25910,0x0000000780c80000)
  to   space 14848K, 0% used [0x000000077ef80000,0x000000077ef80000,0x000000077fe00000)
 ParOldGen       total 155648K, used 20001K [0x00000006c0e00000, 0x00000006ca600000, 0x000000076af80000)
  object space 155648K, 12% used [0x00000006c0e00000,0x00000006c21887c8,0x00000006ca600000)
 Metaspace       used 43082K, capacity 44874K, committed 45056K, reserved 1087488K
  class space    used 5690K, capacity 6059K, committed 6144K, reserved 1048576K
}
Event: 6.785 GC heap before
{Heap before GC invocations=11 (full 2):
 PSYoungGen      total 312832K, used 312470K [0x000000076af80000, 0x0000000780c80000, 0x00000007c0000000)
  eden space 300032K, 100% used [0x000000076af80000,0x000000077d480000,0x000000077d480000)
  from space 12800K, 97% used [0x0000000780000000,0x0000000780c25910,0x0000000780c80000)
  to   space 14848K, 0% used [0x000000077ef80000,0x000000077ef80000,0x000000077fe00000)
 ParOldGen       total 155648K, used 20001K [0x00000006c0e00000, 0x00000006ca600000, 0x000000076af80000)
  object space 155648K, 12% used [0x00000006c0e00000,0x00000006c21887c8,0x00000006ca600000)
 Metaspace       used 50625K, capacity 52988K, committed 53248K, reserved 1095680K
  class space    used 6606K, capacity 7064K, committed 7168K, reserved 1048576K
Event: 6.800 GC heap after
Heap after GC invocations=11 (full 2):
 PSYoungGen      total 342528K, used 14835K [0x000000076af80000, 0x0000000784080000, 0x00000007c0000000)
  eden space 327680K, 0% used [0x000000076af80000,0x000000076af80000,0x000000077ef80000)
  from space 14848K, 99% used [0x000000077ef80000,0x000000077fdfce60,0x000000077fe00000)
  to   space 18944K, 0% used [0x0000000782e00000,0x0000000782e00000,0x0000000784080000)
 ParOldGen       total 155648K, used 25675K [0x00000006c0e00000, 0x00000006ca600000, 0x000000076af80000)
  object space 155648K, 16% used [0x00000006c0e00000,0x00000006c2712e90,0x00000006ca600000)
 Metaspace       used 50625K, capacity 52988K, committed 53248K, reserved 1095680K
  class space    used 6606K, capacity 7064K, committed 7168K, reserved 1048576K
}
Event: 11.193 GC heap before
{Heap before GC invocations=12 (full 2):
 PSYoungGen      total 342528K, used 193736K [0x000000076af80000, 0x0000000784080000, 0x00000007c0000000)
  eden space 327680K, 54% used [0x000000076af80000,0x0000000775e35510,0x000000077ef80000)
  from space 14848K, 99% used [0x000000077ef80000,0x000000077fdfce60,0x000000077fe00000)
  to   space 18944K, 0% used [0x0000000782e00000,0x0000000782e00000,0x0000000784080000)
 ParOldGen       total 155648K, used 25675K [0x00000006c0e00000, 0x00000006ca600000, 0x000000076af80000)
  object space 155648K, 16% used [0x00000006c0e00000,0x00000006c2712e90,0x00000006ca600000)
 Metaspace       used 56431K, capacity 59084K, committed 59136K, reserved 1099776K
  class space    used 7393K, capacity 7886K, committed 7936K, reserved 1048576K
Event: 11.208 GC heap after
Heap after GC invocations=12 (full 2):
 PSYoungGen      total 387584K, used 18916K [0x000000076af80000, 0x0000000785f80000, 0x00000007c0000000)
  eden space 368640K, 0% used [0x000000076af80000,0x000000076af80000,0x0000000781780000)
  from space 18944K, 99% used [0x0000000782e00000,0x0000000784079188,0x0000000784080000)
  to   space 23040K, 0% used [0x0000000781780000,0x0000000781780000,0x0000000782e00000)
 ParOldGen       total 155648K, used 29651K [0x00000006c0e00000, 0x00000006ca600000, 0x000000076af80000)
  object space 155648K, 19% used [0x00000006c0e00000,0x00000006c2af4e70,0x00000006ca600000)
 Metaspace       used 56431K, capacity 59084K, committed 59136K, reserved 1099776K
  class space    used 7393K, capacity 7886K, committed 7936K, reserved 1048576K
}
Event: 11.208 GC heap before
{Heap before GC invocations=13 (full 3):
 PSYoungGen      total 387584K, used 18916K [0x000000076af80000, 0x0000000785f80000, 0x00000007c0000000)
  eden space 368640K, 0% used [0x000000076af80000,0x000000076af80000,0x0000000781780000)
  from space 18944K, 99% used [0x0000000782e00000,0x0000000784079188,0x0000000784080000)
  to   space 23040K, 0% used [0x0000000781780000,0x0000000781780000,0x0000000782e00000)
 ParOldGen       total 155648K, used 29651K [0x00000006c0e00000, 0x00000006ca600000, 0x000000076af80000)
  object space 155648K, 19% used [0x00000006c0e00000,0x00000006c2af4e70,0x00000006ca600000)
 Metaspace       used 56431K, capacity 59084K, committed 59136K, reserved 1099776K
  class space    used 7393K, capacity 7886K, committed 7936K, reserved 1048576K
Event: 11.308 GC heap after
Heap after GC invocations=13 (full 3):
 PSYoungGen      total 387584K, used 0K [0x000000076af80000, 0x0000000785f80000, 0x00000007c0000000)
  eden space 368640K, 0% used [0x000000076af80000,0x000000076af80000,0x0000000781780000)
  from space 18944K, 0% used [0x0000000782e00000,0x0000000782e00000,0x0000000784080000)
  to   space 23040K, 0% used [0x0000000781780000,0x0000000781780000,0x0000000782e00000)
 ParOldGen       total 220160K, used 33251K [0x00000006c0e00000, 0x00000006ce500000, 0x000000076af80000)
  object space 220160K, 15% used [0x00000006c0e00000,0x00000006c2e78f98,0x00000006ce500000)
 Metaspace       used 56431K, capacity 59084K, committed 59136K, reserved 1099776K
  class space    used 7393K, capacity 7886K, committed 7936K, reserved 1048576K
}

Deoptimization events (0 events):
No events

Internal exceptions (10 events):
Event: 92.401 Thread 0x0000000021eba000 Exception <a 'java/lang/ArrayIndexOutOfBoundsException'> (0x000000076c1b27e0) thrown at [D:\re\workspace\8-2-build-windows-amd64-cygwin\jdk8u40\2855\hotspot\src\share\vm\runtime\sharedRuntime.cpp, line 605]
Event: 92.401 Thread 0x0000000021eba000 Exception <a 'java/lang/ArrayIndexOutOfBoundsException'> (0x000000076c1b35b8) thrown at [D:\re\workspace\8-2-build-windows-amd64-cygwin\jdk8u40\2855\hotspot\src\share\vm\runtime\sharedRuntime.cpp, line 605]
Event: 92.401 Thread 0x0000000021eba000 Exception <a 'java/lang/ArrayIndexOutOfBoundsException'> (0x000000076c1b46e8) thrown at [D:\re\workspace\8-2-build-windows-amd64-cygwin\jdk8u40\2855\hotspot\src\share\vm\runtime\sharedRuntime.cpp, line 605]
Event: 92.401 Thread 0x0000000021eba000 Exception <a 'java/lang/ArrayIndexOutOfBoundsException'> (0x000000076c1b62e0) thrown at [D:\re\workspace\8-2-build-windows-amd64-cygwin\jdk8u40\2855\hotspot\src\share\vm\runtime\sharedRuntime.cpp, line 605]
Event: 92.401 Thread 0x0000000021eba000 Exception <a 'java/lang/ArrayIndexOutOfBoundsException'> (0x000000076c1d0560) thrown at [D:\re\workspace\8-2-build-windows-amd64-cygwin\jdk8u40\2855\hotspot\src\share\vm\runtime\sharedRuntime.cpp, line 605]
Event: 92.401 Thread 0x0000000021eba000 Exception <a 'java/lang/ArrayIndexOutOfBoundsException'> (0x000000076c1d1808) thrown at [D:\re\workspace\8-2-build-windows-amd64-cygwin\jdk8u40\2855\hotspot\src\share\vm\runtime\sharedRuntime.cpp, line 605]
Event: 92.542 Thread 0x0000000021eba000 Exception <a 'java/lang/ArrayIndexOutOfBoundsException'> (0x000000076c70f218) thrown at [D:\re\workspace\8-2-build-windows-amd64-cygwin\jdk8u40\2855\hotspot\src\share\vm\runtime\sharedRuntime.cpp, line 605]
Event: 92.544 Thread 0x0000000021eba000 Exception <a 'java/lang/ArrayIndexOutOfBoundsException'> (0x000000076c7426b8) thrown at [D:\re\workspace\8-2-build-windows-amd64-cygwin\jdk8u40\2855\hotspot\src\share\vm\runtime\sharedRuntime.cpp, line 605]
Event: 92.554 Thread 0x0000000021eba000 Exception <a 'java/lang/ArrayIndexOutOfBoundsException'> (0x000000076c901950) thrown at [D:\re\workspace\8-2-build-windows-amd64-cygwin\jdk8u40\2855\hotspot\src\share\vm\runtime\sharedRuntime.cpp, line 605]
Event: 92.560 Thread 0x0000000021eba000 Exception <a 'java/lang/ArrayIndexOutOfBoundsException'> (0x000000076ca552c8) thrown at [D:\re\workspace\8-2-build-windows-amd64-cygwin\jdk8u40\2855\hotspot\src\share\vm\runtime\sharedRuntime.cpp, line 605]

Events (10 events):
Event: 190.359 Executing VM operation: RevokeBias
Event: 190.359 Executing VM operation: RevokeBias done
Event: 190.359 Thread 0x00000000243e9000 Thread exited: 0x00000000243e9000
Event: 212.360 Executing VM operation: RevokeBias
Event: 212.360 Executing VM operation: RevokeBias done
Event: 212.360 Thread 0x00000000243eb800 Thread exited: 0x00000000243eb800
Event: 218.331 Executing VM operation: ChangeBreakpoints
Event: 218.331 Executing VM operation: ChangeBreakpoints done
Event: 218.337 Executing VM operation: RedefineClasses
Event: 218.385 Executing VM operation: RedefineClasses done


Dynamic libraries:
0x00007ff625480000 - 0x00007ff6254b7000 	D:\studyJava\jdk\bin\java.exe
0x00007ffa27b10000 - 0x00007ffa27cfd000 	C:\windows\SYSTEM32\ntdll.dll
0x00007ffa25240000 - 0x00007ffa252f3000 	C:\windows\System32\KERNEL32.DLL
0x00007ffa23bc0000 - 0x00007ffa23e55000 	C:\windows\System32\KERNELBASE.dll
0x00007ffa25300000 - 0x00007ffa253a3000 	C:\windows\System32\ADVAPI32.dll
0x00007ffa261e0000 - 0x00007ffa2627e000 	C:\windows\System32\msvcrt.dll
0x00007ffa24ff0000 - 0x00007ffa2508e000 	C:\windows\System32\sechost.dll
0x00007ffa25df0000 - 0x00007ffa25f12000 	C:\windows\System32\RPCRT4.dll
0x00007ffa26040000 - 0x00007ffa261d7000 	C:\windows\System32\USER32.dll
0x00007ffa24050000 - 0x00007ffa24070000 	C:\windows\System32\win32u.dll
0x00007ffa253b0000 - 0x00007ffa253d9000 	C:\windows\System32\GDI32.dll
0x00007ffa24170000 - 0x00007ffa2430b000 	C:\windows\System32\gdi32full.dll
0x00007ffa23f90000 - 0x00007ffa24030000 	C:\windows\System32\msvcp_win.dll
0x00007ffa24070000 - 0x00007ffa2416a000 	C:\windows\System32\ucrtbase.dll
0x00007ffa15fc0000 - 0x00007ffa16239000 	C:\windows\WinSxS\amd64_microsoft.windows.common-controls_6595b64144ccf1df_6.0.17763.1339_none_de7015e4534c7114\COMCTL32.dll
0x00007ffa25590000 - 0x00007ffa258bc000 	C:\windows\System32\combase.dll
0x00007ffa23eb0000 - 0x00007ffa23f2e000 	C:\windows\System32\bcryptPrimitives.dll
0x00007ffa26010000 - 0x00007ffa2603e000 	C:\windows\System32\IMM32.DLL
0x0000000063ef0000 - 0x0000000063fc2000 	D:\studyJava\jdk\bin\msvcr100.dll
0x0000000063660000 - 0x0000000063ee3000 	D:\studyJava\jdk\bin\server\jvm.dll
0x00007ffa25140000 - 0x00007ffa25148000 	C:\windows\System32\PSAPI.DLL
0x00007ffa0b9d0000 - 0x00007ffa0b9d9000 	C:\windows\SYSTEM32\WSOCK32.dll
0x00007ffa251d0000 - 0x00007ffa2523d000 	C:\windows\System32\WS2_32.dll
0x00007ffa21a80000 - 0x00007ffa21aa4000 	C:\windows\SYSTEM32\WINMM.dll
0x00007ffa1ec90000 - 0x00007ffa1ec9a000 	C:\windows\SYSTEM32\VERSION.dll
0x00007ffa216f0000 - 0x00007ffa2171d000 	C:\windows\SYSTEM32\WINMMBASE.dll
0x00007ffa23e60000 - 0x00007ffa23eaa000 	C:\windows\System32\cfgmgr32.dll
0x0000000063650000 - 0x000000006365f000 	D:\studyJava\jdk\bin\verify.dll
0x0000000063620000 - 0x0000000063649000 	D:\studyJava\jdk\bin\java.dll
0x0000000063570000 - 0x00000000635a5000 	D:\studyJava\jdk\bin\jdwp.dll
0x0000000063560000 - 0x0000000063568000 	D:\studyJava\jdk\bin\npt.dll
0x0000000063530000 - 0x0000000063553000 	D:\studyJava\jdk\bin\instrument.dll
0x0000000063600000 - 0x0000000063616000 	D:\studyJava\jdk\bin\zip.dll
0x00007ffa26450000 - 0x00007ffa27948000 	C:\windows\System32\SHELL32.dll
0x00007ffa258c0000 - 0x00007ffa25969000 	C:\windows\System32\shcore.dll
0x00007ffa24520000 - 0x00007ffa24c74000 	C:\windows\System32\windows.storage.dll
0x00007ffa23b50000 - 0x00007ffa23b74000 	C:\windows\System32\profapi.dll
0x00007ffa23af0000 - 0x00007ffa23b4d000 	C:\windows\System32\powrprof.dll
0x00007ffa26280000 - 0x00007ffa262d2000 	C:\windows\System32\shlwapi.dll
0x00007ffa23b80000 - 0x00007ffa23b91000 	C:\windows\System32\kernel.appcore.dll
0x00007ffa24030000 - 0x00007ffa24047000 	C:\windows\System32\cryptsp.dll
0x0000000063520000 - 0x0000000063529000 	D:\studyJava\jdk\bin\dt_socket.dll
0x00007ffa232f0000 - 0x00007ffa23357000 	C:\windows\system32\mswsock.dll
0x00000000635e0000 - 0x00000000635fa000 	D:\studyJava\jdk\bin\net.dll
0x00007ffa23050000 - 0x00007ffa23117000 	C:\windows\SYSTEM32\DNSAPI.dll
0x00007ffa25f20000 - 0x00007ffa25f28000 	C:\windows\System32\NSI.dll
0x00007ffa23010000 - 0x00007ffa2304d000 	C:\windows\SYSTEM32\IPHLPAPI.DLL
0x00007ffa1b5a0000 - 0x00007ffa1b5aa000 	C:\Windows\System32\rasadhlp.dll
0x00007ffa1b790000 - 0x00007ffa1b809000 	C:\windows\System32\fwpuclnt.dll
0x00007ffa244f0000 - 0x00007ffa24516000 	C:\windows\System32\bcrypt.dll
0x00000000635b0000 - 0x00000000635bd000 	D:\studyJava\jdk\bin\management.dll
0x00000000635c0000 - 0x00000000635d1000 	D:\studyJava\jdk\bin\nio.dll
0x00007ffa22e70000 - 0x00007ffa22ea3000 	C:\windows\system32\rsaenh.dll
0x00007ffa239e0000 - 0x00007ffa23a08000 	C:\windows\SYSTEM32\USERENV.dll
0x00007ffa234c0000 - 0x00007ffa234cc000 	C:\windows\SYSTEM32\CRYPTBASE.dll
0x00007ffa1ba70000 - 0x00007ffa1ba86000 	C:\windows\SYSTEM32\dhcpcsvc6.DLL
0x00007ffa1bca0000 - 0x00007ffa1bcbc000 	C:\windows\SYSTEM32\dhcpcsvc.DLL
0x00007ffa0b010000 - 0x00007ffa0b026000 	C:\windows\system32\napinsp.dll
0x00007ffa0aff0000 - 0x00007ffa0b00a000 	C:\windows\system32\pnrpnsp.dll
0x00007ffa0a5d0000 - 0x00007ffa0a5de000 	C:\windows\System32\winrnr.dll
0x00007ffa20360000 - 0x00007ffa2037b000 	C:\windows\system32\NLAapi.dll
0x00007ffa0d6d0000 - 0x00007ffa0d6e5000 	C:\windows\system32\wshbth.dll
0x00000000634f0000 - 0x0000000063514000 	D:\studyJava\jdk\bin\sunec.dll
0x00007ffa0fbd0000 - 0x00007ffa0fdbd000 	C:\windows\SYSTEM32\dbghelp.dll

VM Arguments:
jvm_args: -agentlib:jdwp=transport=dt_socket,address=127.0.0.1:57580,suspend=y,server=n -XX:TieredStopAtLevel=1 -Xverify:none -Dspring.output.ansi.enabled=always -Dcom.sun.management.jmxremote -Dspring.jmx.enabled=true -Dspring.liveBeansView.mbeanDomain -Dspring.application.admin.enabled=true -javaagent:C:\Users\Administrator\.IntelliJIdea2019.3\system\captureAgent\debugger-agent.jar -Dfile.encoding=UTF-8 
java_command: com.dingxin.web.ClassroomWebApplication
java_class_path (initial): D:\studyJava\jdk\jre\lib\charsets.jar;D:\studyJava\jdk\jre\lib\deploy.jar;D:\studyJava\jdk\jre\lib\ext\access-bridge-64.jar;D:\studyJava\jdk\jre\lib\ext\cldrdata.jar;D:\studyJava\jdk\jre\lib\ext\dnsns.jar;D:\studyJava\jdk\jre\lib\ext\jaccess.jar;D:\studyJava\jdk\jre\lib\ext\jfxrt.jar;D:\studyJava\jdk\jre\lib\ext\localedata.jar;D:\studyJava\jdk\jre\lib\ext\nashorn.jar;D:\studyJava\jdk\jre\lib\ext\sunec.jar;D:\studyJava\jdk\jre\lib\ext\sunjce_provider.jar;D:\studyJava\jdk\jre\lib\ext\sunmscapi.jar;D:\studyJava\jdk\jre\lib\ext\sunpkcs11.jar;D:\studyJava\jdk\jre\lib\ext\zipfs.jar;D:\studyJava\jdk\jre\lib\javaws.jar;D:\studyJava\jdk\jre\lib\jce.jar;D:\studyJava\jdk\jre\lib\jfr.jar;D:\studyJava\jdk\jre\lib\jfxswt.jar;D:\studyJava\jdk\jre\lib\jsse.jar;D:\studyJava\jdk\jre\lib\management-agent.jar;D:\studyJava\jdk\jre\lib\plugin.jar;D:\studyJava\jdk\jre\lib\resources.jar;D:\studyJava\jdk\jre\lib\rt.jar;D:\studyJava\space\jkt\classroom-web\target\classes;D:\studyJava\space\jkt\classroom-dao\target\classes;D:\studyJava\space\jkt\classroom-common\target\classes;D:\studyJava\repostory\com\github\xiaoymin\knife4j-spring-boot-starter\2.0.2\knife4j-spring-boot-starter-2.0.2.jar;D:\studyJava\repostory\com\github\xiaoymin\knife4j-spring-boot-autoconfigure\2.0.2\knife4j-spring-boot-autoconfigure-2.0.2.jar;D:\studyJava\repostory\com\github\xiaoymin\knife4j-spring\2.0.2\knife4j-spring-2.0.2.jar;D:\studyJava\repostory\com\github\xiaoymin\knife4j-annotations\2.0.2\knife4j-annotations-2.0.2.jar;D:\studyJava\repostory\com\github\xiaoymin\knife4j-core\2.0.2\knife4j-core-2.0.2.jar;D:\studyJava\repostory\org\javassist\javassist\3.25.0-GA\javassist-3.25.0-GA.jar;D:\studyJava\repostory\io\swagger\swagger-models\1.5.22\swagger-models-1.5.22.jar;D:\studyJava\repostory\io\swagger\swagger-annotations\1.5.22\swagger-annotations-1.5.22.jar;D:\studyJava\repostory\io\springfox\springfox-swagger2\2.9.2\springfox-swagger2-2.9.2.jar;D:\studyJava\repostory\io\springfox\springfo
Launcher Type: SUN_STANDARD

Environment Variables:
PATH=C:\windows\system32;C:\windows;C:\windows\System32\Wbem;C:\windows\System32\WindowsPowerShell\v1.0\;C:\windows\System32\OpenSSH\;D:\studyJava\Git\bin;C:\Users\Administrator\AppData\Local\Microsoft\WindowsApps;
USERNAME=Administrator
OS=Windows_NT
PROCESSOR_IDENTIFIER=AMD64 Family 23 Model 113 Stepping 0, AuthenticAMD



---------------  S Y S T E M  ---------------

OS: Windows 10.0 , 64 bit Build 17763 (10.0.17763.1339)

CPU:total 12 (12 cores per cpu, 1 threads per core) family 23 model 113 stepping 0, cmov, cx8, fxsr, mmx, sse, sse2, sse3, ssse3, sse4.1, sse4.2, popcnt, avx, avx2, aes, clmul, mmxext, 3dnowpref, lzcnt, sse4a, tsc, tscinvbit, tscinv, bmi1

Memory: 4k page, physical 16712260k(8472552k free), swap 17760836k(4741504k free)

vm_info: Java HotSpot(TM) 64-Bit Server VM (25.40-b25) for windows-amd64 JRE (1.8.0_40-b25), built on Feb 10 2015 21:53:57 by "java_re" with MS VC++ 10.0 (VS2010)

time: Sat Jul 25 18:17:05 2020
elapsed time: 218 seconds (0d 0h 3m 38s)

